<?xml version="1.0" encoding="UTF-8"?>
<testsuite name="StudentTest" tests="7" skipped="0" failures="0" errors="0" timestamp="2021-10-28T18:11:04" hostname="Patricks-laptop" time="0.005">
  <properties/>
  <testcase name="testGetId" classname="StudentTest" time="0.003"/>
  <testcase name="testGetName" classname="StudentTest" time="0.0"/>
  <testcase name="testGetCourseId" classname="StudentTest" time="0.0"/>
  <testcase name="testGetUsername" classname="StudentTest" time="0.001"/>
  <testcase name="testGetDob" classname="StudentTest" time="0.0"/>
  <testcase name="testGetModules" classname="StudentTest" time="0.0"/>
  <testcase name="testSetName" classname="StudentTest" time="0.0"/>
  <system-out><![CDATA[]]></system-out>
  <system-err><![CDATA[]]></system-err>
</testsuite>
