<?xml version="1.0" encoding="UTF-8"?>
<testsuite name="CourseProgrammeTest" tests="6" skipped="0" failures="0" errors="0" timestamp="2021-11-05T14:10:25" hostname="Patricks-laptop" time="0.048">
  <properties/>
  <testcase name="testGetId" classname="CourseProgrammeTest" time="0.006"/>
  <testcase name="testGetStudents" classname="CourseProgrammeTest" time="0.002"/>
  <testcase name="testGetName" classname="CourseProgrammeTest" time="0.002"/>
  <testcase name="testSetStartDate" classname="CourseProgrammeTest" time="0.032"/>
  <testcase name="testSetEndDate" classname="CourseProgrammeTest" time="0.0"/>
  <testcase name="testGetModules" classname="CourseProgrammeTest" time="0.001"/>
  <system-out><![CDATA[]]></system-out>
  <system-err><![CDATA[]]></system-err>
</testsuite>
